#
# There is insufficient memory for the Java Runtime Environment to continue.
# Native memory allocation (mmap) failed to map 264241152 bytes for G1 virtual space
# Possible reasons:
#   The system is out of physical RAM or swap space
#   The process is running with CompressedOops enabled, and the Java Heap may be blocking the growth of the native heap
# Possible solutions:
#   Reduce memory load on the system
#   Increase physical memory or swap space
#   Check if swap backing store is full
#   Decrease Java heap size (-Xmx/-Xms)
#   Decrease number of Java threads
#   Decrease Java thread stack sizes (-Xss)
#   Set larger code cache with -XX:ReservedCodeCacheSize=
#   JVM is running with Zero Based Compressed Oops mode in which the Java heap is
#     placed in the first 32GB address space. The Java Heap base address is the
#     maximum limit for the native heap growth. Please use -XX:HeapBaseMinAddress
#     to set the Java Heap base and to place the Java Heap above 32GB virtual address.
# This output file may be truncated or incomplete.
#
#  Out of Memory Error (os_windows.cpp:3528), pid=3516, tid=5400
#
# JRE version:  (20.0.2+9) (build )
# Java VM: Java HotSpot(TM) 64-Bit Server VM (20.0.2+9-78, mixed mode, sharing, tiered, compressed oops, compressed class ptrs, g1 gc, windows-amd64)
# No core dump will be written. Minidumps are not enabled by default on client versions of Windows
#

---------------  S U M M A R Y ------------

Command Line: -ea -Dfile.encoding=UTF-8 org.testng.remote.RemoteTestNG -serport 62778 -protocol json -d C:\Users\mikes\eclipse-workspace\TestingDSI\test-output C:\Users\mikes\AppData\Local\Temp\testng-eclipse-305968350\testng-customsuite.xml

Host: 12th Gen Intel(R) Core(TM) i7-12700H, 20 cores, 15G,  Windows 11 , 64 bit Build 22621 (10.0.22621.2506)
Time: Wed Nov 22 14:52:34 2023 Hora estándar, América Central elapsed time: 0.008525 seconds (0d 0h 0m 0s)

---------------  T H R E A D  ---------------

Current thread (0x0000014c36669930):  JavaThread "Unknown thread" [_thread_in_vm, id=5400, stack(0x00000032e4500000,0x00000032e4600000)]

Stack: [0x00000032e4500000,0x00000032e4600000]
Native frames: (J=compiled Java code, j=interpreted, Vv=VM code, C=native code)
V  [jvm.dll+0x6bc25a]
V  [jvm.dll+0x84971a]
V  [jvm.dll+0x84b315]
V  [jvm.dll+0x84ba13]
V  [jvm.dll+0x280e4f]
V  [jvm.dll+0x6b8fe9]
V  [jvm.dll+0x6adbca]
V  [jvm.dll+0x35b165]
V  [jvm.dll+0x363386]
V  [jvm.dll+0x3b400e]
V  [jvm.dll+0x3b4295]
V  [jvm.dll+0x32b86a]
V  [jvm.dll+0x32c68b]
V  [jvm.dll+0x8123df]
V  [jvm.dll+0x3c1261]
V  [jvm.dll+0x7fe103]
V  [jvm.dll+0x44ccaf]
V  [jvm.dll+0x44e621]
C  [jli.dll+0x5287]
C  [ucrtbase.dll+0x29363]
C  [KERNEL32.DLL+0x1257d]
C  [ntdll.dll+0x5aa58]


---------------  P R O C E S S  ---------------

Threads class SMR info:
_java_thread_list=0x00007ffd3fdcb118, length=0, elements={
}

Java Threads: ( => current thread )

Other Threads:
  0x0000014c366da3b0 WorkerThread "GC Thread#0" [stack: 0x00000032e4600000,0x00000032e4700000] [id=15800]
  0x0000014c366eb710 ConcurrentGCThread "G1 Main Marker" [stack: 0x00000032e4700000,0x00000032e4800000] [id=25464]
  0x0000014c366edae0 WorkerThread "G1 Conc#0" [stack: 0x00000032e4800000,0x00000032e4900000] [id=19164]

[error occurred during error reporting (printing all threads), id 0xc0000005, EXCEPTION_ACCESS_VIOLATION (0xc0000005) at pc=0x00007ffd3f5aeea7]
VM state: not at safepoint (not fully initialized)

VM Mutex/Monitor currently owned by a thread:  ([mutex/lock_event])
[0x0000014c36664120] Heap_lock - owner thread: 0x0000014c36669930

Heap address: 0x0000000704e00000, size: 4018 MB, Compressed Oops mode: Zero based, Oop shift amount: 3

CDS archive(s) mapped at: [0x0000000000000000-0x0000000000000000-0x0000000000000000), size 0, SharedBaseAddress: 0x0000000800000000, ArchiveRelocationMode: 1.
Narrow klass base: 0x0000000000000000, Narrow klass shift: 0, Narrow klass range: 0x0

GC Precious Log:
 CardTable entry size: 512
 Card Set container configuration: InlinePtr #cards 4 size 8 Array Of Cards #cards 16 size 48 Howl #buckets 8 coarsen threshold 3686 Howl Bitmap #cards 512 size 80 coarsen threshold 460 Card regions per heap region 1 cards per card region 4096

Heap:
 garbage-first heap   total 0K, used 0K [0x0000000704e00000, 0x0000000800000000)
  region size 2048K, 0 young (0K), 0 survivors (0K)

[error occurred during error reporting (printing heap information), id 0xc0000005, EXCEPTION_ACCESS_VIOLATION (0xc0000005) at pc=0x00007ffd3f9847b9]
GC Heap History (0 events):
No events

Dll operation events (1 events):
Event: 0.005 Loaded shared library C:\Program Files\Java\jdk-20\bin\java.dll

Deoptimization events (0 events):
No events

Classes loaded (0 events):
No events

Classes unloaded (0 events):
No events

Classes redefined (0 events):
No events

Internal exceptions (0 events):
No events

VM Operations (0 events):
No events

Events (0 events):
No events


Dynamic libraries:
0x00007ff6c06d0000 - 0x00007ff6c06e0000 	C:\Program Files\Java\jdk-20\bin\javaw.exe
0x00007ffdbbd30000 - 0x00007ffdbbf47000 	C:\WINDOWS\SYSTEM32\ntdll.dll
0x00007ffdbae90000 - 0x00007ffdbaf54000 	C:\WINDOWS\System32\KERNEL32.DLL
0x00007ffdb9170000 - 0x00007ffdb9515000 	C:\WINDOWS\System32\KERNELBASE.dll
0x00007ffdb9640000 - 0x00007ffdb9751000 	C:\WINDOWS\System32\ucrtbase.dll
0x00007ffd7c610000 - 0x00007ffd7c629000 	C:\Program Files\Java\jdk-20\bin\jli.dll
0x00007ffd7c5f0000 - 0x00007ffd7c60b000 	C:\Program Files\Java\jdk-20\bin\VCRUNTIME140.dll
0x00007ffdb9a80000 - 0x00007ffdb9b31000 	C:\WINDOWS\System32\ADVAPI32.dll
0x00007ffdbbb90000 - 0x00007ffdbbc37000 	C:\WINDOWS\System32\msvcrt.dll
0x00007ffdbb6e0000 - 0x00007ffdbb786000 	C:\WINDOWS\System32\sechost.dll
0x00007ffdba430000 - 0x00007ffdba547000 	C:\WINDOWS\System32\RPCRT4.dll
0x00007ffdba5b0000 - 0x00007ffdba75e000 	C:\WINDOWS\System32\USER32.dll
0x00007ffdb90a0000 - 0x00007ffdb90c6000 	C:\WINDOWS\System32\win32u.dll
0x00007ffd96d80000 - 0x00007ffd97013000 	C:\WINDOWS\WinSxS\amd64_microsoft.windows.common-controls_6595b64144ccf1df_6.0.22621.2506_none_270c5ae97388e100\COMCTL32.dll
0x00007ffdbae60000 - 0x00007ffdbae89000 	C:\WINDOWS\System32\GDI32.dll
0x00007ffdb9520000 - 0x00007ffdb9639000 	C:\WINDOWS\System32\gdi32full.dll
0x00007ffdb90d0000 - 0x00007ffdb916a000 	C:\WINDOWS\System32\msvcp_win.dll
0x00007ffdae850000 - 0x00007ffdae85a000 	C:\WINDOWS\SYSTEM32\VERSION.dll
0x00007ffdba760000 - 0x00007ffdba791000 	C:\WINDOWS\System32\IMM32.DLL
0x00007ffd9cea0000 - 0x00007ffd9ceac000 	C:\Program Files\Java\jdk-20\bin\vcruntime140_1.dll
0x00007ffd49cd0000 - 0x00007ffd49d5e000 	C:\Program Files\Java\jdk-20\bin\msvcp140.dll
0x00007ffd3f270000 - 0x00007ffd3ff08000 	C:\Program Files\Java\jdk-20\bin\server\jvm.dll
0x00007ffdaf1f0000 - 0x00007ffdaf224000 	C:\WINDOWS\SYSTEM32\WINMM.dll
0x00007ffd8a720000 - 0x00007ffd8a729000 	C:\WINDOWS\SYSTEM32\WSOCK32.dll
0x00007ffdbaf60000 - 0x00007ffdbafd1000 	C:\WINDOWS\System32\WS2_32.dll
0x00007ffdb8130000 - 0x00007ffdb8148000 	C:\WINDOWS\SYSTEM32\kernel.appcore.dll
0x00007ffd8a0c0000 - 0x00007ffd8a0ca000 	C:\Program Files\Java\jdk-20\bin\jimage.dll
0x00007ffdb6350000 - 0x00007ffdb6583000 	C:\WINDOWS\SYSTEM32\DBGHELP.DLL
0x00007ffdbaa30000 - 0x00007ffdbadb9000 	C:\WINDOWS\System32\combase.dll
0x00007ffdbb460000 - 0x00007ffdbb537000 	C:\WINDOWS\System32\OLEAUT32.dll
0x00007ffdacd20000 - 0x00007ffdacd52000 	C:\WINDOWS\SYSTEM32\dbgcore.DLL
0x00007ffdb9760000 - 0x00007ffdb97da000 	C:\WINDOWS\System32\bcryptPrimitives.dll
0x00007ffd7c5c0000 - 0x00007ffd7c5e6000 	C:\Program Files\Java\jdk-20\bin\java.dll

dbghelp: loaded successfully - version: 4.0.5 - missing functions: none
symbol engine: initialized successfully - sym options: 0x614 - pdb path: .;C:\Program Files\Java\jdk-20\bin;C:\WINDOWS\SYSTEM32;C:\WINDOWS\WinSxS\amd64_microsoft.windows.common-controls_6595b64144ccf1df_6.0.22621.2506_none_270c5ae97388e100;C:\Program Files\Java\jdk-20\bin\server

VM Arguments:
jvm_args: -ea -Dfile.encoding=UTF-8 
java_command: org.testng.remote.RemoteTestNG -serport 62778 -protocol json -d C:\Users\mikes\eclipse-workspace\TestingDSI\test-output C:\Users\mikes\AppData\Local\Temp\testng-eclipse-305968350\testng-customsuite.xml
java_class_path (initial): C:\Users\mikes\OneDrive\Documentos\TestDSI\eclipse\configuration\org.eclipse.osgi\492\0\.cp\lib\testng-remote.jar;C:\Users\mikes\eclipse-workspace\TestingDSI\bin;C:\Users\mikes\OneDrive\Documentos\TestDSI\eclipse\plugins\org.testng_7.4.0.r202105021533.jar;C:\Users\mikes\OneDrive\Documentos\TestDSI\eclipse\plugins\com.beust.jcommander_1.78.0.jar;C:\Users\mikes\OneDrive\Documentos\TestDSI\eclipse\plugins\org.apache-extras.beanshell.bsh_2.0.0.b6.jar;C:\Users\mikes\OneDrive\Documentos\TestDSI\eclipse\plugins\org.yaml.snakeyaml_1.21.0.jar;C:\Users\mikes\OneDrive\Documentos\TestDSI\eclipse\plugins\org.webjars.jquery_3.5.1.jar;C:\Users\mikes\OneDrive\Documentos\TestDSI\selenium-server-standalone-3.141.5.jar
Launcher Type: SUN_STANDARD

[Global flags]
     intx CICompilerCount                          = 12                                        {product} {ergonomic}
     uint ConcGCThreads                            = 4                                         {product} {ergonomic}
     uint G1ConcRefinementThreads                  = 15                                        {product} {ergonomic}
   size_t G1HeapRegionSize                         = 2097152                                   {product} {ergonomic}
    uintx GCDrainStackTargetSize                   = 64                                        {product} {ergonomic}
   size_t InitialHeapSize                          = 264241152                                 {product} {ergonomic}
   size_t MarkStackSize                            = 4194304                                   {product} {ergonomic}
   size_t MaxHeapSize                              = 4213178368                                {product} {ergonomic}
   size_t MinHeapDeltaBytes                        = 2097152                                   {product} {ergonomic}
   size_t MinHeapSize                              = 8388608                                   {product} {ergonomic}
    uintx NonNMethodCodeHeapSize                   = 7602480                                {pd product} {ergonomic}
    uintx NonProfiledCodeHeapSize                  = 122027880                              {pd product} {ergonomic}
    uintx ProfiledCodeHeapSize                     = 122027880                              {pd product} {ergonomic}
    uintx ReservedCodeCacheSize                    = 251658240                              {pd product} {ergonomic}
     bool SegmentedCodeCache                       = true                                      {product} {ergonomic}
   size_t SoftMaxHeapSize                          = 4213178368                             {manageable} {ergonomic}
     bool UseCompressedClassPointers               = true                           {product lp64_product} {ergonomic}
     bool UseCompressedOops                        = true                           {product lp64_product} {ergonomic}
     bool UseG1GC                                  = true                                      {product} {ergonomic}
     bool UseLargePagesIndividualAllocation        = false                                  {pd product} {ergonomic}

Logging:
Log output configuration:
 #0: stdout all=warning uptime,level,tags foldmultilines=false
 #1: stderr all=off uptime,level,tags foldmultilines=false

Environment Variables:
PATH=C:\Program Files\Common Files\Oracle\Java\javapath;C:\Windows\system32;C:\Windows;C:\Windows\System32\Wbem;C:\Windows\System32\WindowsPowerShell\v1.0\;C:\Windows\System32\OpenSSH\;C:\Program Files\dotnet\;C:\Program Files (x86)\NVIDIA Corporation\PhysX\Common;C:\Program Files\NVIDIA Corporation\NVIDIA NvDLISR;C:\WINDOWS\system32;C:\WINDOWS;C:\WINDOWS\System32\Wbem;C:\WINDOWS\System32\WindowsPowerShell\v1.0\;C:\WINDOWS\System32\OpenSSH\;C:\Program Files\Git\cmd;C:\Program Files\Calibre2\;C:\Program Files\nodejs\;C:\Users\mikes\AppData\Local\Pub\Cache\bin;C:\Users\mikes\AppData\Local\Android\Sdk\tools\bin;C:\Program Files\Java\jdk-20\bin;C:\xampp\php;C:\ProgramData\ComposerSetup\bin;C:\xampp\mysql\bin;C:\Users\mikes\.console-ninja\.bin;C:\Users\mikes\AppData\Local\Programs\Python\Python311\Scripts\;C:\Users\mikes\AppData\Local\Programs\Python\Python311\;C:\Users\mikes\AppData\Local\Microsoft\WindowsApps;C:\Users\mikes\AppData\Local\Programs\Microsoft VS Code\bin;C:\Program Files\JetBrains\IntelliJ IDEA Community Edition 2023.2.1\bin;;C:\maven\bin;C:\flutter\bin;C:\Users\mikes\AppData\Roaming\npm;C:\Users\mikes\AppData\Local\Pub\Cache\bin;C:\Users\mikes\AppData\Roaming\Composer\vendor\bin
USERNAME=mikes
OS=Windows_NT
PROCESSOR_IDENTIFIER=Intel64 Family 6 Model 154 Stepping 3, GenuineIntel
TMP=C:\Users\mikes\AppData\Local\Temp
TEMP=C:\Users\mikes\AppData\Local\Temp




---------------  S Y S T E M  ---------------

OS:
 Windows 11 , 64 bit Build 22621 (10.0.22621.2506)
OS uptime: 1 days 1:47 hours
Hyper-V role detected

CPU: total 20 (initial active 20) (10 cores per cpu, 2 threads per core) family 6 model 154 stepping 3 microcode 0x429, cx8, cmov, fxsr, ht, mmx, 3dnowpref, sse, sse2, sse3, ssse3, sse4.1, sse4.2, popcnt, lzcnt, tsc, tscinvbit, avx, avx2, aes, erms, clmul, bmi1, bmi2, adx, sha, fma, vzeroupper, clflush, clflushopt, clwb, hv, serialize, rdtscp, rdpid, fsrm, f16c, cet_ibt, cet_ss

Memory: 4k page, system-wide physical 16068M (370M free)
TotalPageFile size 65220M (AvailPageFile size 62M)
current process WorkingSet (physical memory assigned to process): 11M, peak: 11M
current process commit charge ("private bytes"): 75M, peak: 327M

vm_info: Java HotSpot(TM) 64-Bit Server VM (20.0.2+9-78) for windows-amd64 JRE (20.0.2+9-78), built on 2023-06-14T10:08:48Z by "mach5one" with MS VC++ 17.1 (VS2022)

END.
